<?xml version="1.0" encoding="UTF-8"?>
<!-- Generated by org.testng.reporters.JUnitReportReporter -->
<testsuite hostname="Ancy" failures="0" tests="1" name="newpkg.MyntraTest" time="22.777" errors="0" timestamp="2023-12-13T19:37:16 IST" skipped="0">
  <testcase classname="newpkg.MyntraTest" name="testMyntra" time="22.777"/>
  <system-out/>
</testsuite> <!-- newpkg.MyntraTest -->
